2014-02-06 21:10:53.276 LCCMobile[33162:80b] Multi-tasking -> Device: YES, App: YES
2014-02-06 21:10:53.287 LCCMobile[33162:80b] Unlimited access to network resources
2014-02-06 21:10:53.574 LCCMobile[33162:80b] Resetting plugins due to page load.
2014-02-06 21:10:54.092 LCCMobile[33162:80b] Finished load of: file:///Users/nathan/Library/Application%20Support/iPhone%20Simulator/7.0.3/Applications/956178C6-69AC-42E1-A143-7F9127EF2F3E/LCCMobile.app/www/index.html
2014-02-06 21:11:04.399 LCCMobile[33162:80b] Resetting plugins due to page load.
2014-02-06 21:11:04.463 LCCMobile[33162:80b] Finished load of: file:///Users/nathan/Library/Application%20Support/iPhone%20Simulator/7.0.3/Applications/956178C6-69AC-42E1-A143-7F9127EF2F3E/LCCMobile.app/www/prayerList.html
2014-02-06 21:11:05.077 LCCMobile[33162:80b] Resetting plugins due to page load.
2014-02-06 21:11:05.110 LCCMobile[33162:80b] Finished load of: file:///Users/nathan/Library/Application%20Support/iPhone%20Simulator/7.0.3/Applications/956178C6-69AC-42E1-A143-7F9127EF2F3E/LCCMobile.app/www/prayerList.html
2014-02-06 21:11:05.261 LCCMobile[33162:80b] Resetting plugins due to page load.
2014-02-06 21:11:05.302 LCCMobile[33162:80b] Finished load of: file:///Users/nathan/Library/Application%20Support/iPhone%20Simulator/7.0.3/Applications/956178C6-69AC-42E1-A143-7F9127EF2F3E/LCCMobile.app/www/index.html
2014-02-06 21:11:05.956 LCCMobile[33162:80b] Resetting plugins due to page load.
2014-02-06 21:11:06.011 LCCMobile[33162:80b] Finished load of: file:///Users/nathan/Library/Application%20Support/iPhone%20Simulator/7.0.3/Applications/956178C6-69AC-42E1-A143-7F9127EF2F3E/LCCMobile.app/www/noticeList.html
2014-02-06 21:11:07.581 LCCMobile[33162:80b] Resetting plugins due to page load.
2014-02-06 21:11:07.627 LCCMobile[33162:80b] Finished load of: file:///Users/nathan/Library/Application%20Support/iPhone%20Simulator/7.0.3/Applications/956178C6-69AC-42E1-A143-7F9127EF2F3E/LCCMobile.app/www/noticeDetails.html?id=1
2014-02-06 21:11:09.225 LCCMobile[33162:80b] Resetting plugins due to page load.
2014-02-06 21:11:09.259 LCCMobile[33162:80b] Finished load of: file:///Users/nathan/Library/Application%20Support/iPhone%20Simulator/7.0.3/Applications/956178C6-69AC-42E1-A143-7F9127EF2F3E/LCCMobile.app/www/prayerList.html
2014-02-06 21:11:10.392 LCCMobile[33162:80b] Resetting plugins due to page load.
2014-02-06 21:11:10.437 LCCMobile[33162:80b] Finished load of: file:///Users/nathan/Library/Application%20Support/iPhone%20Simulator/7.0.3/Applications/956178C6-69AC-42E1-A143-7F9127EF2F3E/LCCMobile.app/www/prayerDetails.html?id=2
2014-02-06 21:11:11.985 LCCMobile[33162:80b] Resetting plugins due to page load.
2014-02-06 21:11:12.025 LCCMobile[33162:80b] Finished load of: file:///Users/nathan/Library/Application%20Support/iPhone%20Simulator/7.0.3/Applications/956178C6-69AC-42E1-A143-7F9127EF2F3E/LCCMobile.app/www/index.html
2014-02-07 15:22:36.277 LCCMobile[1522:80b] Multi-tasking -> Device: YES, App: YES
2014-02-07 15:22:36.410 LCCMobile[1522:80b] Unlimited access to network resources
2014-02-07 15:22:38.737 LCCMobile[1522:80b] Resetting plugins due to page load.
2014-02-07 15:22:39.375 LCCMobile[1522:80b] Finished load of: file:///Users/nathan/Library/Application%20Support/iPhone%20Simulator/7.0.3/Applications/956178C6-69AC-42E1-A143-7F9127EF2F3E/LCCMobile.app/www/index.html
2014-02-07 16:25:37.978 LCCMobile[2421:80b] Multi-tasking -> Device: YES, App: YES
2014-02-07 16:25:37.987 LCCMobile[2421:80b] Unlimited access to network resources
2014-02-07 16:25:38.242 LCCMobile[2421:80b] Resetting plugins due to page load.
2014-02-07 16:25:38.516 LCCMobile[2421:80b] Finished load of: file:///Users/nathan/Library/Application%20Support/iPhone%20Simulator/7.0.3/Applications/956178C6-69AC-42E1-A143-7F9127EF2F3E/LCCMobile.app/www/index.html
2014-02-07 16:35:03.530 LCCMobile[3046:80b] Multi-tasking -> Device: YES, App: YES
2014-02-07 16:35:03.539 LCCMobile[3046:80b] Unlimited access to network resources
2014-02-07 16:35:03.819 LCCMobile[3046:80b] Resetting plugins due to page load.
2014-02-07 16:35:04.141 LCCMobile[3046:80b] Finished load of: file:///Users/nathan/Library/Application%20Support/iPhone%20Simulator/7.0.3/Applications/956178C6-69AC-42E1-A143-7F9127EF2F3E/LCCMobile.app/www/index.html
2014-02-07 23:36:46.322 LCCMobile[3923:80b] Multi-tasking -> Device: YES, App: YES
2014-02-07 23:36:46.333 LCCMobile[3923:80b] Unlimited access to network resources
2014-02-07 23:36:46.625 LCCMobile[3923:80b] Resetting plugins due to page load.
2014-02-07 23:36:46.927 LCCMobile[3923:80b] Finished load of: file:///Users/nathan/Library/Application%20Support/iPhone%20Simulator/7.0.3/Applications/956178C6-69AC-42E1-A143-7F9127EF2F3E/LCCMobile.app/www/index.html
2014-02-08 00:20:26.477 LCCMobile[4696:80b] Multi-tasking -> Device: YES, App: YES
2014-02-08 00:20:26.486 LCCMobile[4696:80b] Unlimited access to network resources
2014-02-08 00:20:26.817 LCCMobile[4696:80b] Resetting plugins due to page load.
2014-02-08 00:20:27.067 LCCMobile[4696:80b] Finished load of: file:///Users/nathan/Library/Application%20Support/iPhone%20Simulator/7.0.3/Applications/956178C6-69AC-42E1-A143-7F9127EF2F3E/LCCMobile.app/www/index.html
2014-02-08 00:20:30.466 LCCMobile[4696:80b] Reached Success
2014-02-08 00:20:30.468 LCCMobile[4696:80b] THREAD WARNING: ['Calendar'] took '46.416016' ms. Plugin should use a background thread.
2014-02-08 00:20:30.647 LCCMobile[4696:80b] THREAD WARNING: ['Notification'] took '178.303955' ms. Plugin should use a background thread.
2014-02-08 00:32:06.158 LCCMobile[4696:80b] Reached Success
2014-02-08 00:32:06.174 LCCMobile[4696:80b] THREAD WARNING: ['Notification'] took '13.741211' ms. Plugin should use a background thread.
Terminating in response to SpringBoard's termination.
2014-02-08 00:42:33.550 LCCMobile[5379:80b] Multi-tasking -> Device: YES, App: YES
2014-02-08 00:42:33.559 LCCMobile[5379:80b] Unlimited access to network resources
2014-02-08 00:42:33.739 LCCMobile[5379:80b] Resetting plugins due to page load.
2014-02-08 00:42:34.104 LCCMobile[5379:80b] Finished load of: file:///Users/nathan/Library/Application%20Support/iPhone%20Simulator/7.0.3/Applications/956178C6-69AC-42E1-A143-7F9127EF2F3E/LCCMobile.app/www/index.html
2014-02-08 00:42:37.922 LCCMobile[5379:80b] -[NSNull doubleValue]: unrecognized selector sent to instance 0x224068
2014-02-08 00:42:37.950 LCCMobile[5379:80b] *** Terminating app due to uncaught exception 'NSInvalidArgumentException', reason: '-[NSNull doubleValue]: unrecognized selector sent to instance 0x224068'
*** First throw call stack:
(
	0   CoreFoundation                      0x000d85e4 __exceptionPreprocess + 180
	1   libobjc.A.dylib                     0x0246b8b6 objc_exception_throw + 44
	2   CoreFoundation                      0x00175903 -[NSObject(NSObject) doesNotRecognizeSelector:] + 275
	3   CoreFoundation                      0x000c890b ___forwarding___ + 1019
	4   CoreFoundation                      0x000c84ee _CF_forwarding_prep_0 + 14
	5   LCCMobile                           0x00023088 -[Calendar createEventWithCalendar:calendar:] + 664
	6   LCCMobile                           0x0002659b -[Calendar createEvent:] + 187
	7   LCCMobile                           0x00019fc6 -[CDVCommandQueue execute:] + 902
	8   LCCMobile                           0x000197d9 -[CDVCommandQueue executePending] + 697
	9   LCCMobile                           0x000192e9 -[CDVCommandQueue enqueCommandBatch:] + 153
	10  LCCMobile                           0x000194ff -[CDVCommandQueue fetchCommandsFromJs] + 207
	11  LCCMobile                           0x000193f6 -[CDVCommandQueue maybeFetchCommandsFromJs:] + 230
	12  libobjc.A.dylib                     0x0247d81f -[NSObject performSelector:withObject:] + 70
	13  Foundation                          0x020c09d8 __NSThreadPerformPerform + 285
	14  CoreFoundation                      0x0006183f __CFRUNLOOP_IS_CALLING_OUT_TO_A_SOURCE0_PERFORM_FUNCTION__ + 15
	15  CoreFoundation                      0x000611cb __CFRunLoopDoSources0 + 235
	16  CoreFoundation                      0x0007e29e __CFRunLoopRun + 910
	17  CoreFoundation                      0x0007dac3 CFRunLoopRunSpecific + 467
	18  CoreFoundation                      0x0007d8db CFRunLoopRunInMode + 123
	19  GraphicsServices                    0x0390d9e2 GSEventRunModal + 192
	20  GraphicsServices                    0x0390d809 GSEventRun + 104
	21  UIKit                               0x0033ed3b UIApplicationMain + 1225
	22  LCCMobile                           0x000205fc main + 92
	23  LCCMobile                           0x0002058d start + 53
)
libc++abi.dylib: terminating with uncaught exception of type NSException
2014-02-08 00:58:13.981 LCCMobile[6070:80b] Multi-tasking -> Device: YES, App: YES
2014-02-08 00:58:13.992 LCCMobile[6070:80b] Unlimited access to network resources
2014-02-08 00:58:14.377 LCCMobile[6070:80b] Resetting plugins due to page load.
2014-02-08 00:58:14.781 LCCMobile[6070:80b] Finished load of: file:///Users/nathan/Library/Application%20Support/iPhone%20Simulator/7.0.3/Applications/956178C6-69AC-42E1-A143-7F9127EF2F3E/LCCMobile.app/www/index.html
2014-02-08 01:00:44.870 LCCMobile[6070:80b] -[NSNull doubleValue]: unrecognized selector sent to instance 0x224068
2014-02-08 01:00:44.872 LCCMobile[6070:80b] *** Terminating app due to uncaught exception 'NSInvalidArgumentException', reason: '-[NSNull doubleValue]: unrecognized selector sent to instance 0x224068'
*** First throw call stack:
(
	0   CoreFoundation                      0x000d85e4 __exceptionPreprocess + 180
	1   libobjc.A.dylib                     0x0246b8b6 objc_exception_throw + 44
	2   CoreFoundation                      0x00175903 -[NSObject(NSObject) doesNotRecognizeSelector:] + 275
	3   CoreFoundation                      0x000c890b ___forwarding___ + 1019
	4   CoreFoundation                      0x000c84ee _CF_forwarding_prep_0 + 14
	5   LCCMobile                           0x00023088 -[Calendar createEventWithCalendar:calendar:] + 664
	6   LCCMobile                           0x0002659b -[Calendar createEvent:] + 187
	7   LCCMobile                           0x00019fc6 -[CDVCommandQueue execute:] + 902
	8   LCCMobile                           0x000197d9 -[CDVCommandQueue executePending] + 697
	9   LCCMobile                           0x000192e9 -[CDVCommandQueue enqueCommandBatch:] + 153
	10  LCCMobile                           0x000194ff -[CDVCommandQueue fetchCommandsFromJs] + 207
	11  LCCMobile                           0x000193f6 -[CDVCommandQueue maybeFetchCommandsFromJs:] + 230
	12  libobjc.A.dylib                     0x0247d81f -[NSObject performSelector:withObject:] + 70
	13  Foundation                          0x020c09d8 __NSThreadPerformPerform + 285
	14  CoreFoundation                      0x0006183f __CFRUNLOOP_IS_CALLING_OUT_TO_A_SOURCE0_PERFORM_FUNCTION__ + 15
	15  CoreFoundation                      0x000611cb __CFRunLoopDoSources0 + 235
	16  CoreFoundation                      0x0007e29e __CFRunLoopRun + 910
	17  CoreFoundation                      0x0007dac3 CFRunLoopRunSpecific + 467
	18  CoreFoundation                      0x0007d8db CFRunLoopRunInMode + 123
	19  GraphicsServices                    0x0390d9e2 GSEventRunModal + 192
	20  GraphicsServices                    0x0390d809 GSEventRun + 104
	21  UIKit                               0x0033ed3b UIApplicationMain + 1225
	22  LCCMobile                           0x000205fc main + 92
	23  LCCMobile                           0x0002058d start + 53
)
libc++abi.dylib: terminating with uncaught exception of type NSException
2014-02-08 01:03:38.335 LCCMobile[6654:80b] Multi-tasking -> Device: YES, App: YES
2014-02-08 01:03:38.344 LCCMobile[6654:80b] Unlimited access to network resources
2014-02-08 01:03:38.569 LCCMobile[6654:80b] Resetting plugins due to page load.
2014-02-08 01:03:38.864 LCCMobile[6654:80b] Finished load of: file:///Users/nathan/Library/Application%20Support/iPhone%20Simulator/7.0.3/Applications/956178C6-69AC-42E1-A143-7F9127EF2F3E/LCCMobile.app/www/index.html
2014-02-08 01:13:45.415 LCCMobile[7273:80b] Multi-tasking -> Device: YES, App: YES
2014-02-08 01:13:45.426 LCCMobile[7273:80b] Unlimited access to network resources
2014-02-08 01:13:45.690 LCCMobile[7273:80b] Resetting plugins due to page load.
2014-02-08 01:13:46.038 LCCMobile[7273:80b] Finished load of: file:///Users/nathan/Library/Application%20Support/iPhone%20Simulator/7.0.3/Applications/956178C6-69AC-42E1-A143-7F9127EF2F3E/LCCMobile.app/www/index.html
2014-02-08 01:13:50.378 LCCMobile[7273:80b] Reached Success
2014-02-08 01:13:50.380 LCCMobile[7273:80b] THREAD WARNING: ['Calendar'] took '25.136963' ms. Plugin should use a background thread.
2014-02-08 01:13:50.408 LCCMobile[7273:80b] THREAD WARNING: ['Notification'] took '26.671387' ms. Plugin should use a background thread.
2014-02-08 01:17:41.348 LCCMobile[7273:80b] Reached Success
2014-02-08 01:17:41.366 LCCMobile[7273:80b] THREAD WARNING: ['Notification'] took '16.280762' ms. Plugin should use a background thread.
2014-02-08 01:21:35.531 LCCMobile[7875:80b] Multi-tasking -> Device: YES, App: YES
2014-02-08 01:21:35.542 LCCMobile[7875:80b] Unlimited access to network resources
2014-02-08 01:21:35.835 LCCMobile[7875:80b] Resetting plugins due to page load.
2014-02-08 01:21:36.165 LCCMobile[7875:80b] Finished load of: file:///Users/nathan/Library/Application%20Support/iPhone%20Simulator/7.0.3/Applications/956178C6-69AC-42E1-A143-7F9127EF2F3E/LCCMobile.app/www/index.html
2014-02-08 01:25:50.581 LCCMobile[8472:80b] Multi-tasking -> Device: YES, App: YES
2014-02-08 01:25:50.591 LCCMobile[8472:80b] Unlimited access to network resources
2014-02-08 01:25:50.852 LCCMobile[8472:80b] Resetting plugins due to page load.
2014-02-08 01:25:51.163 LCCMobile[8472:80b] Finished load of: file:///Users/nathan/Library/Application%20Support/iPhone%20Simulator/7.0.3/Applications/956178C6-69AC-42E1-A143-7F9127EF2F3E/LCCMobile.app/www/index.html
2014-02-08 01:26:00.821 LCCMobile[8472:80b] Reached Success
2014-02-08 01:26:00.823 LCCMobile[8472:80b] THREAD WARNING: ['Calendar'] took '738.291992' ms. Plugin should use a background thread.
2014-02-08 01:26:00.851 LCCMobile[8472:80b] THREAD WARNING: ['Notification'] took '27.362061' ms. Plugin should use a background thread.
2014-02-08 01:26:13.058 LCCMobile[8472:80b] Reached Success
2014-02-08 01:26:13.073 LCCMobile[8472:80b] THREAD WARNING: ['Notification'] took '13.265869' ms. Plugin should use a background thread.
2014-02-08 12:32:13.751 LCCMobile[9171:80b] Multi-tasking -> Device: YES, App: YES
2014-02-08 12:32:13.763 LCCMobile[9171:80b] Unlimited access to network resources
2014-02-08 12:32:14.264 LCCMobile[9171:80b] Resetting plugins due to page load.
2014-02-08 12:32:14.816 LCCMobile[9171:80b] Finished load of: file:///Users/nathan/Library/Application%20Support/iPhone%20Simulator/7.0.3/Applications/956178C6-69AC-42E1-A143-7F9127EF2F3E/LCCMobile.app/www/index.html
2014-02-08 12:33:04.802 LCCMobile[9501:80b] Multi-tasking -> Device: YES, App: YES
2014-02-08 12:33:04.813 LCCMobile[9501:80b] Unlimited access to network resources
2014-02-08 12:33:05.086 LCCMobile[9501:80b] Resetting plugins due to page load.
2014-02-08 12:33:05.445 LCCMobile[9501:80b] Finished load of: file:///Users/nathan/Library/Application%20Support/iPhone%20Simulator/7.0.3/Applications/956178C6-69AC-42E1-A143-7F9127EF2F3E/LCCMobile.app/www/index.html
2014-02-08 12:42:25.698 LCCMobile[10172:80b] Multi-tasking -> Device: YES, App: YES
2014-02-08 12:42:25.710 LCCMobile[10172:80b] Unlimited access to network resources
2014-02-08 12:42:25.890 LCCMobile[10172:80b] [CDVTimer][splashscreen] 148.653984ms
2014-02-08 12:42:25.891 LCCMobile[10172:80b] [CDVTimer][TotalPluginStartup] 149.617016ms
2014-02-08 12:42:26.223 LCCMobile[10172:80b] Resetting plugins due to page load.
2014-02-08 12:42:26.592 LCCMobile[10172:80b] Finished load of: file:///Users/nathan/Library/Application%20Support/iPhone%20Simulator/7.0.3/Applications/28641D66-6B02-4533-AFA0-C061D742610C/LCCMobile.app/www/index.html
Terminating in response to SpringBoard's termination.
2014-02-08 12:47:28.894 LCCMobile[10809:80b] Multi-tasking -> Device: YES, App: YES
2014-02-08 12:47:28.906 LCCMobile[10809:80b] Unlimited access to network resources
2014-02-08 12:47:28.969 LCCMobile[10809:80b] [CDVTimer][splashscreen] 14.497995ms
2014-02-08 12:47:28.970 LCCMobile[10809:80b] [CDVTimer][TotalPluginStartup] 15.233040ms
2014-02-08 12:47:29.364 LCCMobile[10809:80b] Resetting plugins due to page load.
2014-02-08 12:47:29.739 LCCMobile[10809:80b] Finished load of: file:///Users/nathan/Library/Application%20Support/iPhone%20Simulator/7.0.3/Applications/28641D66-6B02-4533-AFA0-C061D742610C/LCCMobile.app/www/index.html
2014-02-08 12:47:36.983 LCCMobile[10809:80b] Reached Success
2014-02-08 12:47:36.986 LCCMobile[10809:80b] THREAD WARNING: ['Calendar'] took '840.109131' ms. Plugin should use a background thread.
2014-02-08 12:47:37.019 LCCMobile[10809:80b] THREAD WARNING: ['Notification'] took '32.115967' ms. Plugin should use a background thread.
2014-02-08 12:47:44.478 LCCMobile[10809:80b] Reached Success
2014-02-08 12:47:44.481 LCCMobile[10809:80b] THREAD WARNING: ['Calendar'] took '10.405029' ms. Plugin should use a background thread.
2014-02-08 12:47:44.496 LCCMobile[10809:80b] THREAD WARNING: ['Notification'] took '14.093994' ms. Plugin should use a background thread.
2014-02-08 12:48:07.857 LCCMobile[10809:80b] Reached Success
2014-02-08 12:48:07.871 LCCMobile[10809:80b] THREAD WARNING: ['Notification'] took '12.731689' ms. Plugin should use a background thread.
2014-02-09 09:39:21.757 LCCMobile[11203:80b] Multi-tasking -> Device: YES, App: YES
2014-02-09 09:39:21.766 LCCMobile[11203:80b] Unlimited access to network resources
2014-02-09 09:39:21.933 LCCMobile[11203:80b] [CDVTimer][splashscreen] 20.585001ms
2014-02-09 09:39:21.934 LCCMobile[11203:80b] [CDVTimer][TotalPluginStartup] 21.951020ms
2014-02-09 09:39:22.320 LCCMobile[11203:80b] Resetting plugins due to page load.
2014-02-09 09:39:23.055 LCCMobile[11203:80b] Finished load of: file:///Users/nathan/Library/Application%20Support/iPhone%20Simulator/7.0.3/Applications/28641D66-6B02-4533-AFA0-C061D742610C/LCCMobile.app/www/index.html
2014-02-09 10:48:02.922 LCCMobile[11911:80b] Multi-tasking -> Device: YES, App: YES
2014-02-09 10:48:02.933 LCCMobile[11911:80b] Unlimited access to network resources
2014-02-09 10:48:02.979 LCCMobile[11911:80b] [CDVTimer][splashscreen] 13.083994ms
2014-02-09 10:48:02.979 LCCMobile[11911:80b] [CDVTimer][TotalPluginStartup] 13.810039ms
2014-02-09 10:48:03.432 LCCMobile[11911:80b] Resetting plugins due to page load.
2014-02-09 10:48:03.928 LCCMobile[11911:80b] Finished load of: file:///Users/nathan/Library/Application%20Support/iPhone%20Simulator/7.0.3/Applications/DFD57DC4-E0AC-4402-B249-4DE3B81DC970/LCCMobile.app/www/index.html
2014-02-09 10:48:06.301 LCCMobile[11911:80b] Reached Success
2014-02-09 10:48:06.303 LCCMobile[11911:80b] THREAD WARNING: ['Calendar'] took '30.736084' ms. Plugin should use a background thread.
2014-02-09 10:48:06.370 LCCMobile[11911:80b] THREAD WARNING: ['Notification'] took '65.432129' ms. Plugin should use a background thread.
2014-02-09 10:50:21.318 LCCMobile[12546:80b] Multi-tasking -> Device: YES, App: YES
2014-02-09 10:50:21.331 LCCMobile[12546:80b] Unlimited access to network resources
2014-02-09 10:50:21.378 LCCMobile[12546:80b] [CDVTimer][splashscreen] 13.822019ms
2014-02-09 10:50:21.379 LCCMobile[12546:80b] [CDVTimer][TotalPluginStartup] 15.132964ms
2014-02-09 10:50:21.772 LCCMobile[12546:80b] Resetting plugins due to page load.
2014-02-09 10:50:22.321 LCCMobile[12546:80b] Finished load of: file:///Users/nathan/Library/Application%20Support/iPhone%20Simulator/7.0.3/Applications/DFD57DC4-E0AC-4402-B249-4DE3B81DC970/LCCMobile.app/www/index.html
2014-02-09 10:50:24.445 LCCMobile[12546:80b] Reached Success
2014-02-09 10:50:24.447 LCCMobile[12546:80b] THREAD WARNING: ['Calendar'] took '31.028076' ms. Plugin should use a background thread.
2014-02-09 10:50:24.517 LCCMobile[12546:80b] THREAD WARNING: ['Notification'] took '69.735840' ms. Plugin should use a background thread.
2014-02-09 18:43:42.814 LCCMobile[13026:80b] Multi-tasking -> Device: YES, App: YES
2014-02-09 18:43:42.844 LCCMobile[13026:80b] Unlimited access to network resources
2014-02-09 18:43:42.967 LCCMobile[13026:80b] [CDVTimer][splashscreen] 60.680032ms
2014-02-09 18:43:42.967 LCCMobile[13026:80b] [CDVTimer][TotalPluginStartup] 61.245978ms
2014-02-09 18:43:43.180 LCCMobile[13026:80b] Resetting plugins due to page load.
2014-02-09 18:43:43.642 LCCMobile[13026:80b] Finished load of: file:///Users/nathan/Library/Application%20Support/iPhone%20Simulator/7.0.3/Applications/DFD57DC4-E0AC-4402-B249-4DE3B81DC970/LCCMobile.app/www/index.html
2014-02-09 18:43:48.407 LCCMobile[13026:80b] Reached Success
2014-02-09 18:43:48.409 LCCMobile[13026:80b] THREAD WARNING: ['Calendar'] took '53.180908' ms. Plugin should use a background thread.
2014-02-09 18:43:48.452 LCCMobile[13026:80b] THREAD WARNING: ['Notification'] took '42.496094' ms. Plugin should use a background thread.
2014-02-09 18:44:03.691 LCCMobile[13026:80b] Reached Success
2014-02-09 18:44:03.707 LCCMobile[13026:80b] THREAD WARNING: ['Notification'] took '14.703857' ms. Plugin should use a background thread.
2014-02-09 19:54:01.042 LCCMobile[14021:80b] Multi-tasking -> Device: YES, App: YES
2014-02-09 19:54:01.053 LCCMobile[14021:80b] Unlimited access to network resources
2014-02-09 19:54:01.087 LCCMobile[14021:80b] [CDVTimer][splashscreen] 10.654032ms
2014-02-09 19:54:01.088 LCCMobile[14021:80b] [CDVTimer][TotalPluginStartup] 11.230946ms
2014-02-09 19:54:01.291 LCCMobile[14021:80b] Resetting plugins due to page load.
2014-02-09 19:54:01.749 LCCMobile[14021:80b] Finished load of: file:///Users/nathan/Library/Application%20Support/iPhone%20Simulator/7.0.3/Applications/DFD57DC4-E0AC-4402-B249-4DE3B81DC970/LCCMobile.app/www/index.html
2014-02-10 21:44:14.520 LCCMobile[17101:80b] Multi-tasking -> Device: YES, App: YES
2014-02-10 21:44:14.575 LCCMobile[17101:80b] Unlimited access to network resources
2014-02-10 21:44:17.289 LCCMobile[17101:80b] [CDVTimer][splashscreen] 288.226008ms
2014-02-10 21:44:17.290 LCCMobile[17101:80b] [CDVTimer][TotalPluginStartup] 288.864017ms
2014-02-10 21:44:17.517 LCCMobile[17101:80b] Resetting plugins due to page load.
2014-02-10 21:44:18.174 LCCMobile[17101:80b] Finished load of: file:///Users/nathan/Library/Application%20Support/iPhone%20Simulator/7.0.3/Applications/DFD57DC4-E0AC-4402-B249-4DE3B81DC970/LCCMobile.app/www/index.html
2014-02-10 21:44:26.630 LCCMobile[17101:80b] Reached Success
2014-02-10 21:44:26.632 LCCMobile[17101:80b] THREAD WARNING: ['Calendar'] took '697.941895' ms. Plugin should use a background thread.
2014-02-10 21:44:26.681 LCCMobile[17101:80b] THREAD WARNING: ['Notification'] took '47.627197' ms. Plugin should use a background thread.
Terminating in response to SpringBoard's termination.
2014-02-11 18:44:40.973 LCCMobile[21084:80b] Multi-tasking -> Device: YES, App: YES
2014-02-11 18:44:40.985 LCCMobile[21084:80b] Unlimited access to network resources
2014-02-11 18:44:41.024 LCCMobile[21084:80b] [CDVTimer][splashscreen] 12.166023ms
2014-02-11 18:44:41.029 LCCMobile[21084:80b] [CDVTimer][statusbar] 3.930986ms
2014-02-11 18:44:41.029 LCCMobile[21084:80b] [CDVTimer][TotalPluginStartup] 17.363012ms
2014-02-11 18:44:41.323 LCCMobile[21084:80b] Resetting plugins due to page load.
2014-02-11 18:44:41.738 LCCMobile[21084:80b] Finished load of: file:///Users/nathan/Library/Application%20Support/iPhone%20Simulator/7.0.3/Applications/DFD57DC4-E0AC-4402-B249-4DE3B81DC970/LCCMobile.app/www/index.html
2014-02-11 18:45:03.465 LCCMobile[21084:80b] Reached Success
2014-02-11 18:45:03.467 LCCMobile[21084:80b] THREAD WARNING: ['Calendar'] took '600.256104' ms. Plugin should use a background thread.
2014-02-11 18:45:03.495 LCCMobile[21084:80b] THREAD WARNING: ['Notification'] took '27.018066' ms. Plugin should use a background thread.
